<?xml version="1.0" encoding="UTF-8"?>
<testsuite name="MowerTest" tests="2" skipped="0" failures="0" errors="0" timestamp="2019-12-15T21:59:18" hostname="MBP-de-Julien" time="0.007">
  <properties/>
  <testcase name="failInitWithExceptionTest()" classname="MowerTest" time="0.002"/>
  <testcase name="proceedInstructions()" classname="MowerTest" time="0.003"/>
  <system-out><![CDATA[]]></system-out>
  <system-err><![CDATA[]]></system-err>
</testsuite>
