<?xml version="1.0" encoding="UTF-8"?>
<testsuite name="PositionTest" tests="5" skipped="0" failures="0" errors="0" timestamp="2019-12-15T21:59:18" hostname="MBP-de-Julien" time="0.033">
  <properties/>
  <testcase name="failInitWithExceptionsTest()" classname="PositionTest" time="0.003"/>
  <testcase name="turnRightTest()" classname="PositionTest" time="0.008"/>
  <testcase name="goForwardTest()" classname="PositionTest" time="0.005"/>
  <testcase name="turnLeftTest()" classname="PositionTest" time="0.002"/>
  <testcase name="getCurrentPosTest()" classname="PositionTest" time="0.002"/>
  <system-out><![CDATA[]]></system-out>
  <system-err><![CDATA[]]></system-err>
</testsuite>
