<?xml version="1.0" encoding="UTF-8"?>
<testsuite name="MowItNowTest" tests="1" skipped="0" failures="0" errors="0" timestamp="2019-12-15T21:59:17" hostname="MBP-de-Julien" time="0.031">
  <properties/>
  <testcase name="failInitWithExceptionsTest()" classname="MowItNowTest" time="0.031"/>
  <system-out><![CDATA[]]></system-out>
  <system-err><![CDATA[]]></system-err>
</testsuite>
